<?xml version="1.0" encoding="UTF-8"?>
<!-- Generated by org.testng.reporters.JUnitReportReporter -->
<testsuite hostname="DESKTOP-MT1FCIP" failures="0" tests="1" name="TestRunner.Runner" time="12.004" errors="0" timestamp="2025-02-05T17:18:16 EST" skipped="0">
  <testcase classname="TestRunner.Runner" name="runScenario" time="12.004"/>
</testsuite> <!-- TestRunner.Runner -->
