<?xml version="1.0" encoding="UTF-8"?>
<!-- Generated by org.testng.reporters.JUnitReportReporter -->
<testsuite hostname="DESKTOP-MT1FCIP" failures="0" tests="9" name="TestRunner.Runner" time="187.815" errors="0" timestamp="2025-02-06T16:57:07 EST" skipped="0">
  <testcase classname="TestRunner.Runner" name="runScenario" time="15.911"/>
  <testcase classname="TestRunner.Runner" name="runScenario" time="8.691"/>
  <testcase classname="TestRunner.Runner" name="runScenario" time="8.830"/>
  <testcase classname="TestRunner.Runner" name="runScenario" time="25.939"/>
  <testcase classname="TestRunner.Runner" name="runScenario" time="42.728"/>
  <testcase classname="TestRunner.Runner" name="runScenario" time="46.701"/>
  <testcase classname="TestRunner.Runner" name="runScenario" time="9.442"/>
  <testcase classname="TestRunner.Runner" name="runScenario" time="11.752"/>
  <testcase classname="TestRunner.Runner" name="runScenario" time="17.821"/>
</testsuite> <!-- TestRunner.Runner -->
